2023-11-17 20:39:30,663 INFO  [restartedMain] com.tpe.SpringbootintroApplication:Starting SpringbootintroApplication using Java 17.0.9 on Fatih with PID 16172 (C:\Users\fatih\OneDrive\Desktop\springbootintro\target\classes started by fatih in C:\Users\fatih\OneDrive\Desktop\springbootintro)
2023-11-17 20:39:30,664 INFO  [restartedMain] com.tpe.SpringbootintroApplication:No active profile set, falling back to 1 default profile: "default"
2023-11-17 20:39:30,736 INFO  [restartedMain] org.springframework.boot.devtools.env.DevToolsPropertyDefaultsPostProcessor:Devtools property defaults active! Set 'spring.devtools.add-properties' to 'false' to disable
2023-11-17 20:39:30,736 INFO  [restartedMain] org.springframework.boot.devtools.env.DevToolsPropertyDefaultsPostProcessor:For additional web related logging consider setting the 'logging.level.web' property to 'DEBUG'
2023-11-17 20:39:31,984 INFO  [restartedMain] org.springframework.data.repository.config.RepositoryConfigurationDelegate:Bootstrapping Spring Data JPA repositories in DEFAULT mode.
2023-11-17 20:39:32,075 INFO  [restartedMain] org.springframework.data.repository.config.RepositoryConfigurationDelegate:Finished Spring Data repository scanning in 74 ms. Found 1 JPA repository interfaces.
2023-11-17 20:39:33,081 INFO  [restartedMain] org.springframework.boot.web.embedded.tomcat.TomcatWebServer:Tomcat initialized with port(s): 8080 (http)
2023-11-17 20:39:33,100 INFO  [restartedMain] org.apache.catalina.core.StandardService:Starting service [Tomcat]
2023-11-17 20:39:33,101 INFO  [restartedMain] org.apache.catalina.core.StandardEngine:Starting Servlet engine: [Apache Tomcat/9.0.82]
2023-11-17 20:39:33,192 INFO  [restartedMain] org.apache.catalina.core.ContainerBase.[Tomcat].[localhost].[/]:Initializing Spring embedded WebApplicationContext
2023-11-17 20:39:33,193 INFO  [restartedMain] org.springframework.boot.web.servlet.context.ServletWebServerApplicationContext:Root WebApplicationContext: initialization completed in 2456 ms
2023-11-17 20:39:33,552 INFO  [restartedMain] com.zaxxer.hikari.HikariDataSource:HikariPool-1 - Starting...
2023-11-17 20:39:33,962 INFO  [restartedMain] com.zaxxer.hikari.HikariDataSource:HikariPool-1 - Start completed.
2023-11-17 20:39:34,036 INFO  [restartedMain] org.hibernate.jpa.internal.util.LogHelper:HHH000204: Processing PersistenceUnitInfo [name: default]
2023-11-17 20:39:34,133 INFO  [restartedMain] org.hibernate.Version:HHH000412: Hibernate ORM core version 5.6.15.Final
2023-11-17 20:39:34,408 INFO  [restartedMain] org.hibernate.annotations.common.Version:HCANN000001: Hibernate Commons Annotations {5.1.2.Final}
2023-11-17 20:39:34,621 INFO  [restartedMain] org.hibernate.dialect.Dialect:HHH000400: Using dialect: org.hibernate.dialect.PostgreSQL10Dialect
2023-11-17 20:39:35,371 INFO  [restartedMain] org.hibernate.engine.transaction.jta.platform.internal.JtaPlatformInitiator:HHH000490: Using JtaPlatform implementation: [org.hibernate.engine.transaction.jta.platform.internal.NoJtaPlatform]
2023-11-17 20:39:35,383 INFO  [restartedMain] org.springframework.orm.jpa.LocalContainerEntityManagerFactoryBean:Initialized JPA EntityManagerFactory for persistence unit 'default'
2023-11-17 20:39:36,002 WARN  [restartedMain] org.springframework.boot.autoconfigure.orm.jpa.JpaBaseConfiguration$JpaWebConfiguration:spring.jpa.open-in-view is enabled by default. Therefore, database queries may be performed during view rendering. Explicitly configure spring.jpa.open-in-view to disable this warning
2023-11-17 20:39:36,560 INFO  [restartedMain] org.springframework.boot.devtools.autoconfigure.OptionalLiveReloadServer:LiveReload server is running on port 35729
2023-11-17 20:39:36,566 INFO  [restartedMain] org.springframework.boot.actuate.endpoint.web.EndpointLinksResolver:Exposing 4 endpoint(s) beneath base path '/actuator'
2023-11-17 20:39:36,623 INFO  [restartedMain] org.springframework.boot.web.embedded.tomcat.TomcatWebServer:Tomcat started on port(s): 8080 (http) with context path ''
2023-11-17 20:39:36,642 INFO  [restartedMain] com.tpe.SpringbootintroApplication:Started SpringbootintroApplication in 6.596 seconds (JVM running for 7.485)
2023-11-17 21:54:53,814 INFO  [SpringApplicationShutdownHook] org.springframework.orm.jpa.LocalContainerEntityManagerFactoryBean:Closing JPA EntityManagerFactory for persistence unit 'default'
2023-11-17 21:54:53,818 INFO  [SpringApplicationShutdownHook] com.zaxxer.hikari.HikariDataSource:HikariPool-1 - Shutdown initiated...
2023-11-17 21:54:53,825 INFO  [SpringApplicationShutdownHook] com.zaxxer.hikari.HikariDataSource:HikariPool-1 - Shutdown completed.
